[1205/032032.578:ERROR:directory_reader_win.cc(43)] FindFirstFile: The system cannot find the path specified. (0x3)
[1205/032507.485:ERROR:directory_reader_win.cc(43)] FindFirstFile: The system cannot find the path specified. (0x3)
[1205/032541.767:ERROR:directory_reader_win.cc(43)] FindFirstFile: The system cannot find the path specified. (0x3)
[1205/033017.352:ERROR:directory_reader_win.cc(43)] FindFirstFile: The system cannot find the path specified. (0x3)
[1205/033111.814:ERROR:directory_reader_win.cc(43)] FindFirstFile: The system cannot find the path specified. (0x3)
[1205/033801.586:ERROR:directory_reader_win.cc(43)] FindFirstFile: The system cannot find the path specified. (0x3)
[1205/033903.492:ERROR:directory_reader_win.cc(43)] FindFirstFile: The system cannot find the path specified. (0x3)
[1205/034116.136:ERROR:process_reader_win.cc(123)] NtOpenThread: {Access Denied} A process has requested access to an object, but has not been granted those access rights. (0xc0000022)
[1205/034116.137:ERROR:exception_snapshot_win.cc(99)] thread ID 24724 not found in process
[1205/034121.154:ERROR:process_info.cc(329)] VirtualQueryEx: Access is denied. (0x5)
[1205/034121.154:ERROR:process_info.cc(556)] ReadMemoryInfo failed
[1205/034121.154:ERROR:process_memory_win.cc(39)] Failed to initialize ProcessInfo.
[1205/034121.155:ERROR:scoped_process_suspend.cc(40)] NtResumeProcess: An attempt was made to access an exiting process. (0xc000010a)
[1205/034121.182:ERROR:process_reader_win.cc(123)] NtOpenThread: {Access Denied} A process has requested access to an object, but has not been granted those access rights. (0xc0000022)
[1205/034121.182:ERROR:exception_snapshot_win.cc(99)] thread ID 26400 not found in process
[1205/152029.679:ERROR:directory_reader_win.cc(43)] FindFirstFile: The system cannot find the path specified. (0x3)
[1205/153951.818:ERROR:directory_reader_win.cc(43)] FindFirstFile: The system cannot find the path specified. (0x3)
[1205/154018.502:ERROR:directory_reader_win.cc(43)] FindFirstFile: The system cannot find the path specified. (0x3)
[1205/154112.905:ERROR:directory_reader_win.cc(43)] FindFirstFile: The system cannot find the path specified. (0x3)
[1205/155821.220:ERROR:directory_reader_win.cc(43)] FindFirstFile: The system cannot find the path specified. (0x3)
[1205/155903.470:ERROR:directory_reader_win.cc(43)] FindFirstFile: The system cannot find the path specified. (0x3)
[1205/155926.899:ERROR:directory_reader_win.cc(43)] FindFirstFile: The system cannot find the path specified. (0x3)
[1205/162331.031:ERROR:process_reader_win.cc(123)] NtOpenThread: {Access Denied} A process has requested access to an object, but has not been granted those access rights. (0xc0000022)
[1205/162331.032:ERROR:exception_snapshot_win.cc(99)] thread ID 19436 not found in process
[1205/180406.751:ERROR:directory_reader_win.cc(43)] FindFirstFile: The system cannot find the path specified. (0x3)
[1205/182616.153:ERROR:directory_reader_win.cc(43)] FindFirstFile: The system cannot find the path specified. (0x3)
[1211/001308.694:ERROR:directory_reader_win.cc(43)] FindFirstFile: The system cannot find the path specified. (0x3)
[1211/001505.230:ERROR:directory_reader_win.cc(43)] FindFirstFile: The system cannot find the path specified. (0x3)
[1211/002723.749:ERROR:process_reader_win.cc(123)] NtOpenThread: {Access Denied} A process has requested access to an object, but has not been granted those access rights. (0xc0000022)
[1211/002723.751:ERROR:exception_snapshot_win.cc(99)] thread ID 15632 not found in process
[1211/002723.750:ERROR:process_reader_win.cc(123)] NtOpenThread: {Access Denied} A process has requested access to an object, but has not been granted those access rights. (0xc0000022)
[1211/002723.751:ERROR:exception_snapshot_win.cc(99)] thread ID 15620 not found in process
[1211/002723.751:ERROR:process_reader_win.cc(123)] NtOpenThread: {Access Denied} A process has requested access to an object, but has not been granted those access rights. (0xc0000022)
[1211/002723.753:ERROR:exception_snapshot_win.cc(99)] thread ID 12396 not found in process
[1211/002723.755:ERROR:process_reader_win.cc(151)] SuspendThread: Access is denied. (0x5)
[1211/002723.754:ERROR:process_reader_win.cc(123)] NtOpenThread: An invalid Client ID was specified. (0xc000000b)
[1211/002723.755:ERROR:process_reader_win.cc(123)] NtOpenThread: {Access Denied} A process has requested access to an object, but has not been granted those access rights. (0xc0000022)
[1211/002723.755:ERROR:exception_snapshot_win.cc(99)] thread ID 6572 not found in process
[1211/002723.755:ERROR:process_reader_win.cc(123)] NtOpenThread: {Access Denied} A process has requested access to an object, but has not been granted those access rights. (0xc0000022)
[1211/002723.755:ERROR:exception_snapshot_win.cc(99)] thread ID 9676 not found in process
[1211/002723.802:ERROR:process_reader_win.cc(123)] NtOpenThread: {Access Denied} A process has requested access to an object, but has not been granted those access rights. (0xc0000022)
[1211/002723.802:ERROR:exception_snapshot_win.cc(99)] thread ID 17224 not found in process
[1211/002723.802:ERROR:process_reader_win.cc(123)] NtOpenThread: {Access Denied} A process has requested access to an object, but has not been granted those access rights. (0xc0000022)
[1211/002723.802:ERROR:process_reader_win.cc(123)] NtOpenThread: {Access Denied} A process has requested access to an object, but has not been granted those access rights. (0xc0000022)
[1211/002723.802:ERROR:exception_snapshot_win.cc(99)] thread ID 18796 not found in process
[1211/002723.803:ERROR:exception_snapshot_win.cc(99)] thread ID 16648 not found in process
[1211/002723.808:ERROR:process_reader_win.cc(123)] NtOpenThread: {Access Denied} A process has requested access to an object, but has not been granted those access rights. (0xc0000022)
[1211/002723.808:ERROR:exception_snapshot_win.cc(99)] thread ID 12212 not found in process
[1211/002723.810:ERROR:process_reader_win.cc(123)] NtOpenThread: {Access Denied} A process has requested access to an object, but has not been granted those access rights. (0xc0000022)
[1211/002723.810:ERROR:exception_snapshot_win.cc(99)] thread ID 17752 not found in process
[1211/003545.101:ERROR:process_reader_win.cc(123)] NtOpenThread: {Access Denied} A process has requested access to an object, but has not been granted those access rights. (0xc0000022)
[1211/003545.102:ERROR:exception_snapshot_win.cc(99)] thread ID 21608 not found in process
[1211/003545.103:ERROR:process_reader_win.cc(123)] NtOpenThread: {Access Denied} A process has requested access to an object, but has not been granted those access rights. (0xc0000022)
[1211/003545.105:ERROR:exception_snapshot_win.cc(99)] thread ID 16480 not found in process
[1211/003545.103:ERROR:process_reader_win.cc(123)] NtOpenThread: {Access Denied} A process has requested access to an object, but has not been granted those access rights. (0xc0000022)
[1211/003545.105:ERROR:exception_snapshot_win.cc(99)] thread ID 20156 not found in process
[1211/003545.151:ERROR:process_reader_win.cc(123)] NtOpenThread: {Access Denied} A process has requested access to an object, but has not been granted those access rights. (0xc0000022)
[1211/003545.152:ERROR:exception_snapshot_win.cc(99)] thread ID 13732 not found in process
[1211/003545.158:ERROR:process_reader_win.cc(123)] NtOpenThread: {Access Denied} A process has requested access to an object, but has not been granted those access rights. (0xc0000022)
[1211/003545.158:ERROR:exception_snapshot_win.cc(99)] thread ID 10700 not found in process
[1211/003545.158:ERROR:process_reader_win.cc(123)] NtOpenThread: {Access Denied} A process has requested access to an object, but has not been granted those access rights. (0xc0000022)
[1211/003545.159:ERROR:exception_snapshot_win.cc(99)] thread ID 17344 not found in process
[1211/005123.804:ERROR:directory_reader_win.cc(43)] FindFirstFile: The system cannot find the path specified. (0x3)
[1211/005258.281:ERROR:directory_reader_win.cc(43)] FindFirstFile: The system cannot find the path specified. (0x3)
[1211/172324.792:ERROR:process_reader_win.cc(123)] NtOpenThread: {Access Denied} A process has requested access to an object, but has not been granted those access rights. (0xc0000022)
[1211/172324.794:ERROR:exception_snapshot_win.cc(99)] thread ID 27920 not found in process
[1211/172324.841:ERROR:process_reader_win.cc(123)] NtOpenThread: {Access Denied} A process has requested access to an object, but has not been granted those access rights. (0xc0000022)
[1211/172324.841:ERROR:exception_snapshot_win.cc(99)] thread ID 26664 not found in process
[1211/173442.418:ERROR:directory_reader_win.cc(43)] FindFirstFile: The system cannot find the path specified. (0x3)
[1211/184116.606:ERROR:directory_reader_win.cc(43)] FindFirstFile: The system cannot find the path specified. (0x3)
