[1204/214605.372:ERROR:process_reader_win.cc(123)] NtOpenThread: {Access Denied} A process has requested access to an object, but has not been granted those access rights. (0xc0000022)
[1204/214605.373:ERROR:exception_snapshot_win.cc(99)] thread ID 2168 not found in process
[1204/214605.381:ERROR:process_reader_win.cc(151)] SuspendThread: Access is denied. (0x5)
[1204/214605.382:ERROR:process_reader_win.cc(123)] NtOpenThread: {Access Denied} A process has requested access to an object, but has not been granted those access rights. (0xc0000022)
[1204/214605.383:ERROR:exception_snapshot_win.cc(99)] thread ID 19560 not found in process
[1204/214605.383:ERROR:process_reader_win.cc(151)] SuspendThread: Access is denied. (0x5)
[1204/214605.383:ERROR:process_reader_win.cc(151)] SuspendThread: Access is denied. (0x5)
[1204/214605.387:ERROR:process_reader_win.cc(123)] NtOpenThread: {Access Denied} A process has requested access to an object, but has not been granted those access rights. (0xc0000022)
[1204/214605.387:ERROR:exception_snapshot_win.cc(99)] thread ID 1136 not found in process
[1204/214605.387:ERROR:process_reader_win.cc(123)] NtOpenThread: {Access Denied} A process has requested access to an object, but has not been granted those access rights. (0xc0000022)
[1204/214605.387:ERROR:exception_snapshot_win.cc(99)] thread ID 21524 not found in process
[1204/214605.421:ERROR:process_reader_win.cc(123)] NtOpenThread: {Access Denied} A process has requested access to an object, but has not been granted those access rights. (0xc0000022)
[1204/214605.421:ERROR:exception_snapshot_win.cc(99)] thread ID 17964 not found in process
[1204/214605.423:ERROR:process_reader_win.cc(123)] NtOpenThread: {Access Denied} A process has requested access to an object, but has not been granted those access rights. (0xc0000022)
[1204/214605.423:ERROR:exception_snapshot_win.cc(99)] thread ID 15720 not found in process
[1204/214605.423:ERROR:process_reader_win.cc(123)] NtOpenThread: {Access Denied} A process has requested access to an object, but has not been granted those access rights. (0xc0000022)
[1204/214605.423:ERROR:exception_snapshot_win.cc(99)] thread ID 11648 not found in process
[1204/214605.434:ERROR:process_reader_win.cc(123)] NtOpenThread: {Access Denied} A process has requested access to an object, but has not been granted those access rights. (0xc0000022)
[1204/214605.434:ERROR:exception_snapshot_win.cc(99)] thread ID 20920 not found in process
[1204/215443.554:ERROR:process_reader_win.cc(151)] SuspendThread: Access is denied. (0x5)
[1204/215443.554:ERROR:process_reader_win.cc(151)] SuspendThread: Access is denied. (0x5)
[1204/215443.555:ERROR:process_reader_win.cc(123)] NtOpenThread: {Access Denied} A process has requested access to an object, but has not been granted those access rights. (0xc0000022)
[1204/215443.555:ERROR:exception_snapshot_win.cc(99)] thread ID 2588 not found in process
[1204/215443.555:ERROR:process_reader_win.cc(123)] NtOpenThread: {Access Denied} A process has requested access to an object, but has not been granted those access rights. (0xc0000022)
[1204/215443.555:ERROR:process_reader_win.cc(123)] NtOpenThread: {Access Denied} A process has requested access to an object, but has not been granted those access rights. (0xc0000022)
[1204/215443.556:ERROR:exception_snapshot_win.cc(99)] thread ID 9956 not found in process
[1204/215443.556:ERROR:exception_snapshot_win.cc(99)] thread ID 19604 not found in process
[1204/215443.556:ERROR:process_reader_win.cc(123)] NtOpenThread: {Access Denied} A process has requested access to an object, but has not been granted those access rights. (0xc0000022)
[1204/215443.558:ERROR:exception_snapshot_win.cc(99)] thread ID 10956 not found in process
[1204/215443.605:ERROR:process_reader_win.cc(123)] NtOpenThread: {Access Denied} A process has requested access to an object, but has not been granted those access rights. (0xc0000022)
[1204/215443.605:ERROR:exception_snapshot_win.cc(99)] thread ID 11764 not found in process
[1204/215443.605:ERROR:process_reader_win.cc(123)] NtOpenThread: {Access Denied} A process has requested access to an object, but has not been granted those access rights. (0xc0000022)
[1204/215443.605:ERROR:process_reader_win.cc(123)] NtOpenThread: {Access Denied} A process has requested access to an object, but has not been granted those access rights. (0xc0000022)
[1204/215443.605:ERROR:exception_snapshot_win.cc(99)] thread ID 6912 not found in process
[1204/215443.605:ERROR:exception_snapshot_win.cc(99)] thread ID 19416 not found in process
[1204/215443.607:ERROR:process_reader_win.cc(123)] NtOpenThread: {Access Denied} A process has requested access to an object, but has not been granted those access rights. (0xc0000022)
[1204/215443.607:ERROR:exception_snapshot_win.cc(99)] thread ID 4040 not found in process
[1204/220446.333:ERROR:directory_reader_win.cc(43)] FindFirstFile: The system cannot find the path specified. (0x3)
[1204/220504.722:ERROR:directory_reader_win.cc(43)] FindFirstFile: The system cannot find the path specified. (0x3)
[1204/220521.004:ERROR:directory_reader_win.cc(43)] FindFirstFile: The system cannot find the path specified. (0x3)
[1204/220810.417:ERROR:directory_reader_win.cc(43)] FindFirstFile: The system cannot find the path specified. (0x3)
[1204/220925.398:ERROR:process_reader_win.cc(123)] NtOpenThread: {Access Denied} A process has requested access to an object, but has not been granted those access rights. (0xc0000022)
[1204/220925.399:ERROR:exception_snapshot_win.cc(99)] thread ID 18372 not found in process
[1204/220925.402:ERROR:process_reader_win.cc(123)] NtOpenThread: {Access Denied} A process has requested access to an object, but has not been granted those access rights. (0xc0000022)
[1204/220925.402:ERROR:exception_snapshot_win.cc(99)] thread ID 21108 not found in process
[1204/220925.402:ERROR:process_reader_win.cc(123)] NtOpenThread: {Access Denied} A process has requested access to an object, but has not been granted those access rights. (0xc0000022)
[1204/220925.403:ERROR:exception_snapshot_win.cc(99)] thread ID 22288 not found in process
[1204/220925.403:ERROR:process_reader_win.cc(123)] NtOpenThread: {Access Denied} A process has requested access to an object, but has not been granted those access rights. (0xc0000022)
[1204/220925.403:ERROR:exception_snapshot_win.cc(99)] thread ID 22876 not found in process
[1204/220925.403:ERROR:process_reader_win.cc(123)] NtOpenThread: {Access Denied} A process has requested access to an object, but has not been granted those access rights. (0xc0000022)
[1204/220925.403:ERROR:exception_snapshot_win.cc(99)] thread ID 1812 not found in process
[1204/220925.444:ERROR:process_reader_win.cc(123)] NtOpenThread: {Access Denied} A process has requested access to an object, but has not been granted those access rights. (0xc0000022)
[1204/220925.444:ERROR:process_reader_win.cc(123)] NtOpenThread: {Access Denied} A process has requested access to an object, but has not been granted those access rights. (0xc0000022)
[1204/220925.444:ERROR:exception_snapshot_win.cc(99)] thread ID 7268 not found in process
[1204/220925.444:ERROR:exception_snapshot_win.cc(99)] thread ID 9760 not found in process
[1204/220925.446:ERROR:process_reader_win.cc(123)] NtOpenThread: {Access Denied} A process has requested access to an object, but has not been granted those access rights. (0xc0000022)
[1204/220925.446:ERROR:exception_snapshot_win.cc(99)] thread ID 21444 not found in process
[1204/220925.449:ERROR:process_reader_win.cc(123)] NtOpenThread: {Access Denied} A process has requested access to an object, but has not been granted those access rights. (0xc0000022)
[1204/220925.449:ERROR:exception_snapshot_win.cc(99)] thread ID 18964 not found in process
[1204/220925.458:ERROR:process_reader_win.cc(123)] NtOpenThread: {Access Denied} A process has requested access to an object, but has not been granted those access rights. (0xc0000022)
[1204/220925.458:ERROR:exception_snapshot_win.cc(99)] thread ID 17920 not found in process
[1204/221928.087:ERROR:directory_reader_win.cc(43)] FindFirstFile: The system cannot find the path specified. (0x3)
[1204/222235.027:ERROR:process_reader_win.cc(123)] NtOpenThread: {Access Denied} A process has requested access to an object, but has not been granted those access rights. (0xc0000022)
[1204/222235.028:ERROR:exception_snapshot_win.cc(99)] thread ID 15932 not found in process
[1204/222235.028:ERROR:process_reader_win.cc(123)] NtOpenThread: {Access Denied} A process has requested access to an object, but has not been granted those access rights. (0xc0000022)
[1204/222235.028:ERROR:exception_snapshot_win.cc(99)] thread ID 17472 not found in process
[1204/222235.048:ERROR:process_reader_win.cc(123)] NtOpenThread: {Access Denied} A process has requested access to an object, but has not been granted those access rights. (0xc0000022)
[1204/222235.048:ERROR:exception_snapshot_win.cc(99)] thread ID 23148 not found in process
[1204/222235.049:ERROR:process_reader_win.cc(123)] NtOpenThread: {Access Denied} A process has requested access to an object, but has not been granted those access rights. (0xc0000022)
[1204/222235.049:ERROR:exception_snapshot_win.cc(99)] thread ID 4904 not found in process
[1204/223238.121:ERROR:directory_reader_win.cc(43)] FindFirstFile: The system cannot find the path specified. (0x3)
[1204/224025.105:ERROR:directory_reader_win.cc(43)] FindFirstFile: The system cannot find the path specified. (0x3)
[1204/231222.216:ERROR:directory_reader_win.cc(43)] FindFirstFile: The system cannot find the path specified. (0x3)
[1204/232010.521:ERROR:directory_reader_win.cc(43)] FindFirstFile: The system cannot find the path specified. (0x3)
[1204/232050.861:ERROR:directory_reader_win.cc(43)] FindFirstFile: The system cannot find the path specified. (0x3)
[1204/232220.819:ERROR:directory_reader_win.cc(43)] FindFirstFile: The system cannot find the path specified. (0x3)
[1204/232645.449:ERROR:directory_reader_win.cc(43)] FindFirstFile: The system cannot find the path specified. (0x3)
[1204/233153.023:ERROR:directory_reader_win.cc(43)] FindFirstFile: The system cannot find the path specified. (0x3)
[1204/234209.157:ERROR:directory_reader_win.cc(43)] FindFirstFile: The system cannot find the path specified. (0x3)
[1204/234414.431:ERROR:process_reader_win.cc(123)] NtOpenThread: {Access Denied} A process has requested access to an object, but has not been granted those access rights. (0xc0000022)
[1204/234414.432:ERROR:exception_snapshot_win.cc(99)] thread ID 23416 not found in process
[1204/234414.432:ERROR:process_reader_win.cc(123)] NtOpenThread: {Access Denied} A process has requested access to an object, but has not been granted those access rights. (0xc0000022)
[1204/234414.433:ERROR:exception_snapshot_win.cc(99)] thread ID 23764 not found in process
[1204/234414.437:ERROR:process_reader_win.cc(123)] NtOpenThread: {Access Denied} A process has requested access to an object, but has not been granted those access rights. (0xc0000022)
[1204/234414.437:ERROR:exception_snapshot_win.cc(99)] thread ID 5992 not found in process
[1204/234414.478:ERROR:process_reader_win.cc(123)] NtOpenThread: {Access Denied} A process has requested access to an object, but has not been granted those access rights. (0xc0000022)
[1204/234414.478:ERROR:process_reader_win.cc(123)] NtOpenThread: {Access Denied} A process has requested access to an object, but has not been granted those access rights. (0xc0000022)
[1204/234414.478:ERROR:exception_snapshot_win.cc(99)] thread ID 18816 not found in process
[1204/234414.478:ERROR:exception_snapshot_win.cc(99)] thread ID 20524 not found in process
[1204/234414.480:ERROR:process_reader_win.cc(123)] NtOpenThread: {Access Denied} A process has requested access to an object, but has not been granted those access rights. (0xc0000022)
[1204/234414.480:ERROR:exception_snapshot_win.cc(99)] thread ID 10024 not found in process
[1204/235417.789:ERROR:directory_reader_win.cc(43)] FindFirstFile: The system cannot find the path specified. (0x3)
[1205/001937.157:ERROR:directory_reader_win.cc(43)] FindFirstFile: The system cannot find the path specified. (0x3)
[1205/002456.415:ERROR:directory_reader_win.cc(43)] FindFirstFile: The system cannot find the path specified. (0x3)
[1205/002643.484:ERROR:directory_reader_win.cc(43)] FindFirstFile: The system cannot find the path specified. (0x3)
[1205/005011.031:ERROR:directory_reader_win.cc(43)] FindFirstFile: The system cannot find the path specified. (0x3)
[1205/005615.534:ERROR:directory_reader_win.cc(43)] FindFirstFile: The system cannot find the path specified. (0x3)
[1205/020007.589:ERROR:directory_reader_win.cc(43)] FindFirstFile: The system cannot find the path specified. (0x3)
[1205/023344.083:ERROR:directory_reader_win.cc(43)] FindFirstFile: The system cannot find the path specified. (0x3)
[1205/023424.583:ERROR:directory_reader_win.cc(43)] FindFirstFile: The system cannot find the path specified. (0x3)
[1205/023723.822:ERROR:directory_reader_win.cc(43)] FindFirstFile: The system cannot find the path specified. (0x3)
[1205/023754.872:ERROR:directory_reader_win.cc(43)] FindFirstFile: The system cannot find the path specified. (0x3)
[1205/024301.886:ERROR:directory_reader_win.cc(43)] FindFirstFile: The system cannot find the path specified. (0x3)
[1205/024431.911:ERROR:directory_reader_win.cc(43)] FindFirstFile: The system cannot find the path specified. (0x3)
[1205/120024.434:ERROR:directory_reader_win.cc(43)] FindFirstFile: The system cannot find the path specified. (0x3)
[1205/125603.905:ERROR:directory_reader_win.cc(43)] FindFirstFile: The system cannot find the path specified. (0x3)
[1205/142902.795:ERROR:process_reader_win.cc(123)] NtOpenThread: {Access Denied} A process has requested access to an object, but has not been granted those access rights. (0xc0000022)
[1205/142902.796:ERROR:exception_snapshot_win.cc(99)] thread ID 17140 not found in process
[1205/144157.406:ERROR:directory_reader_win.cc(43)] FindFirstFile: The system cannot find the path specified. (0x3)
[1205/144233.903:ERROR:directory_reader_win.cc(43)] FindFirstFile: The system cannot find the path specified. (0x3)
[1207/152758.844:ERROR:directory_reader_win.cc(43)] FindFirstFile: The system cannot find the path specified. (0x3)
[1207/154607.457:ERROR:directory_reader_win.cc(43)] FindFirstFile: The system cannot find the path specified. (0x3)
[1207/154718.086:ERROR:directory_reader_win.cc(43)] FindFirstFile: The system cannot find the path specified. (0x3)
[1207/164628.379:ERROR:directory_reader_win.cc(43)] FindFirstFile: The system cannot find the path specified. (0x3)
[1207/172729.724:ERROR:directory_reader_win.cc(43)] FindFirstFile: The system cannot find the path specified. (0x3)
[1207/172839.186:ERROR:directory_reader_win.cc(43)] FindFirstFile: The system cannot find the path specified. (0x3)
[1207/173547.727:ERROR:directory_reader_win.cc(43)] FindFirstFile: The system cannot find the path specified. (0x3)
[1207/173616.507:ERROR:directory_reader_win.cc(43)] FindFirstFile: The system cannot find the path specified. (0x3)
[1208/172459.103:ERROR:process_reader_win.cc(123)] NtOpenThread: {Access Denied} A process has requested access to an object, but has not been granted those access rights. (0xc0000022)
[1208/172459.104:ERROR:exception_snapshot_win.cc(99)] thread ID 11728 not found in process
[1210/141840.658:ERROR:directory_reader_win.cc(43)] FindFirstFile: The system cannot find the path specified. (0x3)
[1210/142911.924:ERROR:directory_reader_win.cc(43)] FindFirstFile: The system cannot find the path specified. (0x3)
[1210/143253.847:ERROR:directory_reader_win.cc(43)] FindFirstFile: The system cannot find the path specified. (0x3)
[1210/143352.072:ERROR:directory_reader_win.cc(43)] FindFirstFile: The system cannot find the path specified. (0x3)
[1210/144658.534:ERROR:process_reader_win.cc(123)] NtOpenThread: {Access Denied} A process has requested access to an object, but has not been granted those access rights. (0xc0000022)
[1210/144658.536:ERROR:exception_snapshot_win.cc(99)] thread ID 25680 not found in process
[1210/144703.565:ERROR:process_info.cc(329)] VirtualQueryEx: Access is denied. (0x5)
[1210/144703.566:ERROR:process_info.cc(556)] ReadMemoryInfo failed
[1210/144703.566:ERROR:process_memory_win.cc(39)] Failed to initialize ProcessInfo.
[1210/144703.567:ERROR:scoped_process_suspend.cc(40)] NtResumeProcess: An attempt was made to access an exiting process. (0xc000010a)
[1210/144703.604:ERROR:process_reader_win.cc(123)] NtOpenThread: {Access Denied} A process has requested access to an object, but has not been granted those access rights. (0xc0000022)
[1210/144703.604:ERROR:exception_snapshot_win.cc(99)] thread ID 29060 not found in process
[1210/145408.020:ERROR:process_reader_win.cc(123)] NtOpenThread: {Access Denied} A process has requested access to an object, but has not been granted those access rights. (0xc0000022)
[1210/145408.022:ERROR:exception_snapshot_win.cc(99)] thread ID 21576 not found in process
[1210/145408.023:ERROR:process_reader_win.cc(123)] NtOpenThread: {Access Denied} A process has requested access to an object, but has not been granted those access rights. (0xc0000022)
[1210/145408.025:ERROR:exception_snapshot_win.cc(99)] thread ID 28456 not found in process
[1210/145408.025:ERROR:process_reader_win.cc(123)] NtOpenThread: {Access Denied} A process has requested access to an object, but has not been granted those access rights. (0xc0000022)
[1210/145408.025:ERROR:exception_snapshot_win.cc(99)] thread ID 15196 not found in process
[1210/145408.025:ERROR:process_reader_win.cc(123)] NtOpenThread: {Access Denied} A process has requested access to an object, but has not been granted those access rights. (0xc0000022)
[1210/145408.026:ERROR:exception_snapshot_win.cc(99)] thread ID 22636 not found in process
[1210/145408.072:ERROR:process_reader_win.cc(123)] NtOpenThread: {Access Denied} A process has requested access to an object, but has not been granted those access rights. (0xc0000022)
[1210/145408.073:ERROR:exception_snapshot_win.cc(99)] thread ID 28272 not found in process
[1210/145408.074:ERROR:process_reader_win.cc(123)] NtOpenThread: {Access Denied} A process has requested access to an object, but has not been granted those access rights. (0xc0000022)
[1210/145408.074:ERROR:exception_snapshot_win.cc(99)] thread ID 8348 not found in process
[1210/145408.074:ERROR:process_reader_win.cc(123)] NtOpenThread: {Access Denied} A process has requested access to an object, but has not been granted those access rights. (0xc0000022)
[1210/145408.074:ERROR:exception_snapshot_win.cc(99)] thread ID 9712 not found in process
[1210/145408.077:ERROR:process_reader_win.cc(123)] NtOpenThread: {Access Denied} A process has requested access to an object, but has not been granted those access rights. (0xc0000022)
[1210/145408.077:ERROR:exception_snapshot_win.cc(99)] thread ID 5624 not found in process
[1210/145447.712:ERROR:process_reader_win.cc(123)] NtOpenThread: {Access Denied} A process has requested access to an object, but has not been granted those access rights. (0xc0000022)
[1210/145447.714:ERROR:exception_snapshot_win.cc(99)] thread ID 15276 not found in process
[1210/145447.732:ERROR:process_reader_win.cc(123)] NtOpenThread: {Access Denied} A process has requested access to an object, but has not been granted those access rights. (0xc0000022)
[1210/145447.732:ERROR:exception_snapshot_win.cc(99)] thread ID 21544 not found in process
[1210/145615.320:ERROR:process_reader_win.cc(123)] NtOpenThread: {Access Denied} A process has requested access to an object, but has not been granted those access rights. (0xc0000022)
[1210/145615.322:ERROR:exception_snapshot_win.cc(99)] thread ID 29576 not found in process
[1210/145615.359:ERROR:process_reader_win.cc(123)] NtOpenThread: {Access Denied} A process has requested access to an object, but has not been granted those access rights. (0xc0000022)
[1210/145615.360:ERROR:exception_snapshot_win.cc(99)] thread ID 1724 not found in process
[1210/145704.184:ERROR:process_reader_win.cc(123)] NtOpenThread: {Access Denied} A process has requested access to an object, but has not been granted those access rights. (0xc0000022)
[1210/145704.185:ERROR:exception_snapshot_win.cc(99)] thread ID 16744 not found in process
[1210/145704.206:ERROR:process_reader_win.cc(123)] NtOpenThread: {Access Denied} A process has requested access to an object, but has not been granted those access rights. (0xc0000022)
[1210/145704.206:ERROR:exception_snapshot_win.cc(99)] thread ID 9092 not found in process
[1210/150348.722:ERROR:process_reader_win.cc(123)] NtOpenThread: {Access Denied} A process has requested access to an object, but has not been granted those access rights. (0xc0000022)
[1210/150348.724:ERROR:exception_snapshot_win.cc(99)] thread ID 23664 not found in process
[1210/150348.724:ERROR:process_reader_win.cc(123)] NtOpenThread: {Access Denied} A process has requested access to an object, but has not been granted those access rights. (0xc0000022)
[1210/150348.725:ERROR:exception_snapshot_win.cc(99)] thread ID 29912 not found in process
[1210/150348.750:ERROR:process_reader_win.cc(123)] NtOpenThread: {Access Denied} A process has requested access to an object, but has not been granted those access rights. (0xc0000022)
[1210/150348.751:ERROR:exception_snapshot_win.cc(99)] thread ID 8960 not found in process
[1210/150348.754:ERROR:process_reader_win.cc(123)] NtOpenThread: {Access Denied} A process has requested access to an object, but has not been granted those access rights. (0xc0000022)
[1210/150348.754:ERROR:exception_snapshot_win.cc(99)] thread ID 13760 not found in process
[1210/151436.431:ERROR:directory_reader_win.cc(43)] FindFirstFile: The system cannot find the path specified. (0x3)
[1210/151514.557:ERROR:process_reader_win.cc(123)] NtOpenThread: {Access Denied} A process has requested access to an object, but has not been granted those access rights. (0xc0000022)
[1210/151514.558:ERROR:exception_snapshot_win.cc(99)] thread ID 29936 not found in process
[1210/151514.559:ERROR:process_reader_win.cc(123)] NtOpenThread: {Access Denied} A process has requested access to an object, but has not been granted those access rights. (0xc0000022)
[1210/151514.559:ERROR:exception_snapshot_win.cc(99)] thread ID 8676 not found in process
[1210/151514.559:ERROR:process_reader_win.cc(123)] NtOpenThread: {Access Denied} A process has requested access to an object, but has not been granted those access rights. (0xc0000022)
[1210/151514.560:ERROR:exception_snapshot_win.cc(99)] thread ID 26732 not found in process
[1210/151514.601:ERROR:process_reader_win.cc(123)] NtOpenThread: {Access Denied} A process has requested access to an object, but has not been granted those access rights. (0xc0000022)
[1210/151514.601:ERROR:process_reader_win.cc(123)] NtOpenThread: {Access Denied} A process has requested access to an object, but has not been granted those access rights. (0xc0000022)
[1210/151514.601:ERROR:process_reader_win.cc(123)] NtOpenThread: {Access Denied} A process has requested access to an object, but has not been granted those access rights. (0xc0000022)
[1210/151514.601:ERROR:exception_snapshot_win.cc(99)] thread ID 15092 not found in process
[1210/151514.601:ERROR:exception_snapshot_win.cc(99)] thread ID 5860 not found in process
[1210/151514.601:ERROR:exception_snapshot_win.cc(99)] thread ID 22728 not found in process
[1210/152516.791:ERROR:directory_reader_win.cc(43)] FindFirstFile: The system cannot find the path specified. (0x3)
[1210/152544.606:ERROR:directory_reader_win.cc(43)] FindFirstFile: The system cannot find the path specified. (0x3)
[1210/153127.162:ERROR:directory_reader_win.cc(43)] FindFirstFile: The system cannot find the path specified. (0x3)
[1210/153232.262:ERROR:directory_reader_win.cc(43)] FindFirstFile: The system cannot find the path specified. (0x3)
